<?xml version="1.0" encoding="UTF-8"?>
<!-- Generated by org.testng.reporters.JUnitXMLReporter -->
<testsuite hostname="ANZPC-4246Q32" name="WikipediaBookCreater Test Suite" tests="1" failures="1" timestamp="20 Sep 2016 07:52:33 GMT" time="60.476" errors="0">
  <testcase name="bookCreaterTest" time="47.021" classname="tests.BookCreaterTests">
    <failure type="java.lang.AssertionError" message="File is not present. Test failed. Expected file name: C:\Users\gagandeep.sharma\Workspace\WikipediaBookCreator\ExportedBook_2016-09-20-17-52-31-128.pdf expected [true] but found [false]">
      <![CDATA[java.lang.AssertionError: File is not present. Test failed. Expected file name: C:\Users\gagandeep.sharma\Workspace\WikipediaBookCreator\ExportedBook_2016-09-20-17-52-31-128.pdf expected [true] but found [false]
	at tests.BookCreaterTests.bookCreaterTest(BookCreaterTests.java:66)
... Removed 27 stack frames]]>
    </failure>
  </testcase> <!-- bookCreaterTest -->
</testsuite> <!-- WikipediaBookCreater Test Suite -->
