<?xml version="1.0" encoding="UTF-8"?>
<testng-results skipped="0" failed="1" total="1" passed="0">
  <reporter-output>
  </reporter-output>
  <suite name="WikipediaBookCreater Suite" duration-ms="60476" started-at="2016-09-20T07:51:33Z" finished-at="2016-09-20T07:52:33Z">
    <groups>
    </groups>
    <test name="WikipediaBookCreater Test Suite" duration-ms="60476" started-at="2016-09-20T07:51:33Z" finished-at="2016-09-20T07:52:33Z">
      <class name="tests.BookCreaterTests">
        <test-method status="PASS" signature="beforeClass(java.lang.String, java.lang.String)[pri:0, instance:tests.BookCreaterTests@6767c1fc]" name="beforeClass" is-config="true" duration-ms="11000" started-at="2016-09-20T17:51:33Z" finished-at="2016-09-20T17:51:44Z">
          <params>
            <param index="0">
              <value>
                <![CDATA[chrome]]>
              </value>
            </param>
            <param index="1">
              <value>
                <![CDATA[https://en.wikipedia.org/wiki/Main_Page]]>
              </value>
            </param>
          </params>
          <reporter-output>
          </reporter-output>
        </test-method> <!-- beforeClass -->
        <test-method status="FAIL" signature="bookCreaterTest()[pri:0, instance:tests.BookCreaterTests@6767c1fc]" name="bookCreaterTest" duration-ms="47021" started-at="2016-09-20T17:51:44Z" finished-at="2016-09-20T17:52:31Z">
          <exception class="java.lang.AssertionError">
            <message>
              <![CDATA[File is not present. Test failed. Expected file name: C:\Users\gagandeep.sharma\Workspace\WikipediaBookCreator\ExportedBook_2016-09-20-17-52-31-128.pdf expected [true] but found [false]]]>
            </message>
            <full-stacktrace>
              <![CDATA[java.lang.AssertionError: File is not present. Test failed. Expected file name: C:\Users\gagandeep.sharma\Workspace\WikipediaBookCreator\ExportedBook_2016-09-20-17-52-31-128.pdf expected [true] but found [false]
	at org.testng.Assert.fail(Assert.java:94)
	at org.testng.Assert.failNotEquals(Assert.java:496)
	at org.testng.Assert.assertTrue(Assert.java:42)
	at tests.BookCreaterTests.bookCreaterTest(BookCreaterTests.java:66)
	at sun.reflect.NativeMethodAccessorImpl.invoke0(Native Method)
	at sun.reflect.NativeMethodAccessorImpl.invoke(NativeMethodAccessorImpl.java:62)
	at sun.reflect.DelegatingMethodAccessorImpl.invoke(DelegatingMethodAccessorImpl.java:43)
	at java.lang.reflect.Method.invoke(Method.java:498)
	at org.testng.internal.MethodInvocationHelper.invokeMethod(MethodInvocationHelper.java:85)
	at org.testng.internal.Invoker.invokeMethod(Invoker.java:639)
	at org.testng.internal.Invoker.invokeTestMethod(Invoker.java:816)
	at org.testng.internal.Invoker.invokeTestMethods(Invoker.java:1124)
	at org.testng.internal.TestMethodWorker.invokeTestMethods(TestMethodWorker.java:125)
	at org.testng.internal.TestMethodWorker.run(TestMethodWorker.java:108)
	at org.testng.TestRunner.privateRun(TestRunner.java:774)
	at org.testng.TestRunner.run(TestRunner.java:624)
	at org.testng.SuiteRunner.runTest(SuiteRunner.java:359)
	at org.testng.SuiteRunner.runSequentially(SuiteRunner.java:354)
	at org.testng.SuiteRunner.privateRun(SuiteRunner.java:312)
	at org.testng.SuiteRunner.run(SuiteRunner.java:261)
	at org.testng.SuiteRunnerWorker.runSuite(SuiteRunnerWorker.java:52)
	at org.testng.SuiteRunnerWorker.run(SuiteRunnerWorker.java:86)
	at org.testng.TestNG.runSuitesSequentially(TestNG.java:1215)
	at org.testng.TestNG.runSuitesLocally(TestNG.java:1140)
	at org.testng.TestNG.run(TestNG.java:1048)
	at org.testng.remote.AbstractRemoteTestNG.run(AbstractRemoteTestNG.java:126)
	at org.testng.remote.RemoteTestNG.initAndRun(RemoteTestNG.java:152)
	at org.testng.remote.RemoteTestNG.main(RemoteTestNG.java:57)
]]>
            </full-stacktrace>
          </exception> <!-- java.lang.AssertionError -->
          <reporter-output>
          </reporter-output>
        </test-method> <!-- bookCreaterTest -->
        <test-method status="PASS" signature="afterClass()[pri:0, instance:tests.BookCreaterTests@6767c1fc]" name="afterClass" is-config="true" duration-ms="2430" started-at="2016-09-20T17:52:31Z" finished-at="2016-09-20T17:52:33Z">
          <reporter-output>
          </reporter-output>
        </test-method> <!-- afterClass -->
      </class> <!-- tests.BookCreaterTests -->
    </test> <!-- WikipediaBookCreater Test Suite -->
  </suite> <!-- WikipediaBookCreater Suite -->
</testng-results>
